<?xml version="1.0" encoding="UTF-8"?>
<testsuite name="com.ieseljust.edd.AppTest" tests="1" skipped="0" failures="0" errors="0" timestamp="2025-01-25T16:56:03" hostname="DESKTOP-SC8O7HR" time="0.004">
  <properties/>
  <testcase name="appHasAGreeting" classname="com.ieseljust.edd.AppTest" time="0.004"/>
  <system-out><![CDATA[]]></system-out>
  <system-err><![CDATA[]]></system-err>
</testsuite>
